Build started 05/09/2017 16:12:13.
     1>Project "C:\Users\wellington.macedo\Desktop\Wellington\Projetos\AirportSimulation\build\src\app\main\main.vcxproj" on node 2 (build target(s)).
     1>InitializeBuildStatus:
         Creating "main.dir\Debug\main.unsuccessfulbuild" because "AlwaysCreate" was specified.
       CustomBuild:
         All outputs are up-to-date.
       ClCompile:
         c:\Program Files (x86)\Microsoft Visual Studio 10.0\VC\bin\x86_amd64\CL.exe /c /IC:\Users\wellington.macedo\Desktop\Wellington\Projetos\AirportSimulation\src\domain\airport /IC:\Users\wellington.macedo\Desktop\Wellington\Projetos\AirportSimulation\src\domain\report /IC:\Users\wellington.macedo\Desktop\Wellington\Projetos\AirportSimulation\src\domain\log /IC:\Users\wellington.macedo\Desktop\Wellington\Projetos\AirportSimulation\src\domain\simulator /IC:\Users\wellington.macedo\Desktop\Wellington\Projetos\AirportSimulation\src\app\gui /IC:\Users\wellington.macedo\Desktop\Wellington\Projetos\AirportSimulation\src\app\commands /Zi /nologo /W3 /WX- /Od /Ob0 /D WIN32 /D _WINDOWS /D "CMAKE_INTDIR=\"Debug\"" /D _MBCS /Gm- /EHsc /RTC1 /MDd /GS /fp:precise /Zc:wchar_t /Zc:forScope /GR /Fo"main.dir\Debug\\" /Fd"main.dir\Debug\vc100.pdb" /Gd /TP /errorReport:prompt ..\..\..\..\src\app\main\App.cpp ..\..\..\..\src\app\main\MainTest.cpp
         App.cpp
         MainTest.cpp
         Generating Code...
       ManifestResourceCompile:
         All outputs are up-to-date.
       Link:
         c:\Program Files (x86)\Microsoft Visual Studio 10.0\VC\bin\x86_amd64\link.exe /ERRORREPORT:PROMPT /OUT:"C:\Users\wellington.macedo\Desktop\Wellington\Projetos\AirportSimulation\build\src\app\main\Debug\main.exe" /INCREMENTAL /NOLOGO ..\commands\Debug\command.lib ..\gui\Debug\gui.lib ..\..\domain\Debug\domain.lib ..\..\util\Debug\util.lib kernel32.lib user32.lib gdi32.lib winspool.lib shell32.lib ole32.lib oleaut32.lib uuid.lib comdlg32.lib advapi32.lib /MANIFEST /ManifestFile:"main.dir\Debug\main.exe.intermediate.manifest" /MANIFESTUAC:"level='asInvoker' uiAccess='false'" /DEBUG /PDB:"C:/Users/wellington.macedo/Desktop/Wellington/Projetos/AirportSimulation/build/src/app/main/Debug/main.pdb" /SUBSYSTEM:CONSOLE /TLBID:1 /DYNAMICBASE /NXCOMPAT /IMPLIB:"C:/Users/wellington.macedo/Desktop/Wellington/Projetos/AirportSimulation/build/src/app/main/Debug/main.lib" /MACHINE:X64 main.dir\Debug\main.exe.embed.manifest.res
         main.dir\Debug\App.obj
         main.dir\Debug\MainTest.obj  /machine:x64
         main.vcxproj -> C:\Users\wellington.macedo\Desktop\Wellington\Projetos\AirportSimulation\build\src\app\main\Debug\main.exe
       Manifest:
         c:\Program Files (x86)\Microsoft SDKs\Windows\v7.0A\bin\mt.exe /nologo /verbose /out:"main.dir\Debug\main.exe.embed.manifest" /manifest main.dir\Debug\main.exe.intermediate.manifest
         All outputs are up-to-date.
       LinkEmbedManifest:
         All outputs are up-to-date.
         main.vcxproj -> C:\Users\wellington.macedo\Desktop\Wellington\Projetos\AirportSimulation\build\src\app\main\Debug\main.exe
       FinalizeBuildStatus:
         Deleting file "main.dir\Debug\main.unsuccessfulbuild".
         Touching "main.dir\Debug\main.lastbuildstate".
     1>Done Building Project "C:\Users\wellington.macedo\Desktop\Wellington\Projetos\AirportSimulation\build\src\app\main\main.vcxproj" (build target(s)).

Build succeeded.

Time Elapsed 00:00:01.60
