Build started 05/09/2017 16:12:12.
     1>Project "C:\Users\wellington.macedo\Desktop\Wellington\Projetos\AirportSimulation\build\src\app\commands\command.vcxproj" on node 2 (build target(s)).
     1>InitializeBuildStatus:
         Creating "command.dir\Debug\command.unsuccessfulbuild" because "AlwaysCreate" was specified.
       CustomBuild:
         All outputs are up-to-date.
       ClCompile:
         c:\Program Files (x86)\Microsoft Visual Studio 10.0\VC\bin\x86_amd64\CL.exe /c /IC:\Users\wellington.macedo\Desktop\Wellington\Projetos\AirportSimulation\src\domain\airport /IC:\Users\wellington.macedo\Desktop\Wellington\Projetos\AirportSimulation\src\domain\report /IC:\Users\wellington.macedo\Desktop\Wellington\Projetos\AirportSimulation\src\domain\log /IC:\Users\wellington.macedo\Desktop\Wellington\Projetos\AirportSimulation\src\domain\simulator /IC:\Users\wellington.macedo\Desktop\Wellington\Projetos\AirportSimulation\src\app\gui /IC:\Users\wellington.macedo\Desktop\Wellington\Projetos\AirportSimulation\src\domain /Zi /nologo /W3 /WX- /Od /Ob0 /D WIN32 /D _WINDOWS /D "CMAKE_INTDIR=\"Debug\"" /D _MBCS /Gm- /EHsc /RTC1 /MDd /GS /fp:precise /Zc:wchar_t /Zc:forScope /GR /Fo"command.dir\Debug\\" /Fd"command.dir\Debug\vc100.pdb" /Gd /TP /errorReport:prompt ..\..\..\..\src\app\commands\CmdRemoveData.cpp ..\..\..\..\src\app\commands\TemplateProcessReport.cpp
         CmdRemoveData.cpp
         TemplateProcessReport.cpp
         Generating Code...
       Lib:
         c:\Program Files (x86)\Microsoft Visual Studio 10.0\VC\bin\x86_amd64\Lib.exe /OUT:"C:\Users\wellington.macedo\Desktop\Wellington\Projetos\AirportSimulation\build\src\app\commands\Debug\command.lib" /NOLOGO command.dir\Debug\CmdRemoveData.obj
         command.dir\Debug\TemplateProcessReport.obj  /machine:x64
         command.vcxproj -> C:\Users\wellington.macedo\Desktop\Wellington\Projetos\AirportSimulation\build\src\app\commands\Debug\command.lib
       FinalizeBuildStatus:
         Deleting file "command.dir\Debug\command.unsuccessfulbuild".
         Touching "command.dir\Debug\command.lastbuildstate".
     1>Done Building Project "C:\Users\wellington.macedo\Desktop\Wellington\Projetos\AirportSimulation\build\src\app\commands\command.vcxproj" (build target(s)).

Build succeeded.

Time Elapsed 00:00:00.51
