Build started 05/09/2017 16:08:19.
     1>Project "C:\Users\wellington.macedo\Desktop\Wellington\Projetos\AirportSimulation\build\src\app\gui\gui.vcxproj" on node 3 (build target(s)).
     1>PrepareForBuild:
         Creating directory "C:\Users\wellington.macedo\Desktop\Wellington\Projetos\AirportSimulation\build\src\app\gui\Debug\".
       InitializeBuildStatus:
         Creating "gui.dir\Debug\gui.unsuccessfulbuild" because "AlwaysCreate" was specified.
       CustomBuild:
         Building Custom Rule C:/Users/wellington.macedo/Desktop/Wellington/Projetos/AirportSimulation/src/app/gui/CMakeLists.txt
         CMake does not need to re-run because C:/Users/wellington.macedo/Desktop/Wellington/Projetos/AirportSimulation/build/src/app/gui/CMakeFiles/generate.stamp is up-to-date.
       ClCompile:
         c:\Program Files (x86)\Microsoft Visual Studio 10.0\VC\bin\x86_amd64\CL.exe /c /IC:\Users\wellington.macedo\Desktop\Wellington\Projetos\AirportSimulation\src\domain\airport /IC:\Users\wellington.macedo\Desktop\Wellington\Projetos\AirportSimulation\src\domain\report /IC:\Users\wellington.macedo\Desktop\Wellington\Projetos\AirportSimulation\src\domain\log /IC:\Users\wellington.macedo\Desktop\Wellington\Projetos\AirportSimulation\src\domain\simulator /IC:\Users\wellington.macedo\Desktop\Wellington\Projetos\AirportSimulation\src\util /Zi /nologo /W3 /WX- /Od /Ob0 /D WIN32 /D _WINDOWS /D "CMAKE_INTDIR=\"Debug\"" /D _MBCS /Gm- /EHsc /RTC1 /MDd /GS /fp:precise /Zc:wchar_t /Zc:forScope /GR /Fo"gui.dir\Debug\\" /Fd"gui.dir\Debug\vc100.pdb" /Gd /TP /errorReport:prompt ..\..\..\..\src\app\gui\ConsoleGui.cpp
         ConsoleGui.cpp
       Lib:
         c:\Program Files (x86)\Microsoft Visual Studio 10.0\VC\bin\x86_amd64\Lib.exe /OUT:"C:\Users\wellington.macedo\Desktop\Wellington\Projetos\AirportSimulation\build\src\app\gui\Debug\gui.lib" /NOLOGO gui.dir\Debug\ConsoleGui.obj  /machine:x64
         gui.vcxproj -> C:\Users\wellington.macedo\Desktop\Wellington\Projetos\AirportSimulation\build\src\app\gui\Debug\gui.lib
       FinalizeBuildStatus:
         Deleting file "gui.dir\Debug\gui.unsuccessfulbuild".
         Touching "gui.dir\Debug\gui.lastbuildstate".
     1>Done Building Project "C:\Users\wellington.macedo\Desktop\Wellington\Projetos\AirportSimulation\build\src\app\gui\gui.vcxproj" (build target(s)).

Build succeeded.

Time Elapsed 00:00:00.62
