Build started 05/09/2017 16:12:07.
     1>Project "C:\Users\wellington.macedo\Desktop\Wellington\Projetos\AirportSimulation\build\src\domain\domain.vcxproj" on node 2 (build target(s)).
     1>InitializeBuildStatus:
         Creating "domain.dir\Debug\domain.unsuccessfulbuild" because "AlwaysCreate" was specified.
       CustomBuild:
         All outputs are up-to-date.
       ClCompile:
         c:\Program Files (x86)\Microsoft Visual Studio 10.0\VC\bin\x86_amd64\CL.exe /c /IC:\Users\wellington.macedo\Desktop\Wellington\Projetos\AirportSimulation\src\domain\airport /IC:\Users\wellington.macedo\Desktop\Wellington\Projetos\AirportSimulation\src\domain\report /IC:\Users\wellington.macedo\Desktop\Wellington\Projetos\AirportSimulation\src\domain\log /IC:\Users\wellington.macedo\Desktop\Wellington\Projetos\AirportSimulation\src\domain\simulator /IC:\Users\wellington.macedo\Desktop\Wellington\Projetos\AirportSimulation\src\util /Zi /nologo /W3 /WX- /Od /Ob0 /D WIN32 /D _WINDOWS /D "CMAKE_INTDIR=\"Debug\"" /D _MBCS /Gm- /EHsc /RTC1 /MDd /GS /fp:precise /Zc:wchar_t /Zc:forScope /GR /Fo"domain.dir\Debug\\" /Fd"domain.dir\Debug\vc100.pdb" /Gd /TP /errorReport:prompt ..\..\..\src\domain\airport\Airport.cpp ..\..\..\src\domain\airport\Plane.cpp ..\..\..\src\domain\airport\RunWay.cpp ..\..\..\src\domain\airport\Wind.cpp ..\..\..\src\domain\log\AircraftLog.cpp ..\..\..\src\domain\log\Log.cpp ..\..\..\src\domain\log\LogManipulator.cpp ..\..\..\src\domain\log\TowerOfCommandLog.cpp ..\..\..\src\domain\report\Data.cpp ..\..\..\src\domain\report\DataMediator.cpp ..\..\..\src\domain\report\DataVendorToReport.cpp ..\..\..\src\domain\report\PlanesWaitingReport.cpp ..\..\..\src\domain\report\ReportFactory.cpp ..\..\..\src\domain\report\SingleValueWithoutHistoricReport.cpp ..\..\..\src\domain\report\TimeHistoricReport.cpp ..\..\..\src\domain\simulator\AircraftManipulator.cpp ..\..\..\src\domain\simulator\Simulator.cpp ..\..\..\src\domain\simulator\Timer.cpp ..\..\..\src\domain\simulator\WindManipulator.cpp
         Airport.cpp
     1>..\..\..\src\domain\airport\Airport.cpp(130): warning C4267: 'argument' : conversion from 'size_t' to 'int', possible loss of data
         Plane.cpp
         RunWay.cpp
         Wind.cpp
         AircraftLog.cpp
         Log.cpp
         LogManipulator.cpp
         TowerOfCommandLog.cpp
         Data.cpp
         DataMediator.cpp
         DataVendorToReport.cpp
         PlanesWaitingReport.cpp
         ReportFactory.cpp
         SingleValueWithoutHistoricReport.cpp
         TimeHistoricReport.cpp
         AircraftManipulator.cpp
         Simulator.cpp
         Timer.cpp
         WindManipulator.cpp
         Generating Code...
       Lib:
         c:\Program Files (x86)\Microsoft Visual Studio 10.0\VC\bin\x86_amd64\Lib.exe /OUT:"C:\Users\wellington.macedo\Desktop\Wellington\Projetos\AirportSimulation\build\src\domain\Debug\domain.lib" /NOLOGO domain.dir\Debug\Airport.obj
         domain.dir\Debug\Plane.obj
         domain.dir\Debug\RunWay.obj
         domain.dir\Debug\Wind.obj
         domain.dir\Debug\Data.obj
         domain.dir\Debug\DataMediator.obj
         domain.dir\Debug\DataVendorToReport.obj
         domain.dir\Debug\PlanesWaitingReport.obj
         domain.dir\Debug\ReportFactory.obj
         domain.dir\Debug\SingleValueWithoutHistoricReport.obj
         domain.dir\Debug\TimeHistoricReport.obj
         domain.dir\Debug\AircraftLog.obj
         domain.dir\Debug\Log.obj
         domain.dir\Debug\LogManipulator.obj
         domain.dir\Debug\TowerOfCommandLog.obj
         domain.dir\Debug\AircraftManipulator.obj
         domain.dir\Debug\Simulator.obj
         domain.dir\Debug\Timer.obj
         domain.dir\Debug\WindManipulator.obj  /machine:x64
         domain.vcxproj -> C:\Users\wellington.macedo\Desktop\Wellington\Projetos\AirportSimulation\build\src\domain\Debug\domain.lib
       FinalizeBuildStatus:
         Deleting file "domain.dir\Debug\domain.unsuccessfulbuild".
         Touching "domain.dir\Debug\domain.lastbuildstate".
     1>Done Building Project "C:\Users\wellington.macedo\Desktop\Wellington\Projetos\AirportSimulation\build\src\domain\domain.vcxproj" (build target(s)).

Build succeeded.

Time Elapsed 00:00:04.56
