Build started 05/09/2017 16:12:07.
     1>Project "C:\Users\wellington.macedo\Desktop\Wellington\Projetos\AirportSimulation\build\ZERO_CHECK.vcxproj" on node 2 (build target(s)).
     1>InitializeBuildStatus:
         Creating "x64\Debug\ZERO_CHECK\ZERO_CHECK.unsuccessfulbuild" because "AlwaysCreate" was specified.
       CustomBuild:
         Checking Build System
         CMake does not need to re-run because C:/Users/wellington.macedo/Desktop/Wellington/Projetos/AirportSimulation/build/CMakeFiles/generate.stamp is up-to-date.
         CMake is re-running because C:/Users/wellington.macedo/Desktop/Wellington/Projetos/AirportSimulation/build/src/CMakeFiles/generate.stamp is out-of-date.
           the file 'C:/Users/wellington.macedo/Desktop/Wellington/Projetos/AirportSimulation/src/CMakeLists.txt'
           is newer than 'C:/Users/wellington.macedo/Desktop/Wellington/Projetos/AirportSimulation/build/src/CMakeFiles/generate.stamp.depend'
           result='-1'
         -- Configuring done
         -- Generating done
         -- Build files have been written to: C:/Users/wellington.macedo/Desktop/Wellington/Projetos/AirportSimulation/build
       FinalizeBuildStatus:
         Deleting file "x64\Debug\ZERO_CHECK\ZERO_CHECK.unsuccessfulbuild".
         Touching "x64\Debug\ZERO_CHECK\ZERO_CHECK.lastbuildstate".
     1>Done Building Project "C:\Users\wellington.macedo\Desktop\Wellington\Projetos\AirportSimulation\build\ZERO_CHECK.vcxproj" (build target(s)).

Build succeeded.

Time Elapsed 00:00:00.31
